2022-11-18 13:55:13 Loading main app package /usr/lib/obsidian/obsidian.asar
2022-11-18 13:55:13 Checking for update using Github
2022-11-18 13:55:14 Success.
2022-11-18 13:55:14 Latest version is 1.0.3
2022-11-18 13:55:14 App is up to date.
2022-11-25 01:59:25 Loading main app package /usr/lib/obsidian/obsidian.asar
2022-11-25 01:59:25 Checking for update using Github
2022-11-25 01:59:26 Success.
2022-11-25 01:59:26 Latest version is 1.0.3
2022-11-25 01:59:26 App is up to date.
2022-11-25 02:05:40 Loading main app package /usr/lib/obsidian/obsidian.asar
2022-11-25 02:05:40 Checking for update using Github
2022-11-25 02:05:40 Success.
2022-11-25 02:05:40 Latest version is 1.0.3
2022-11-25 02:05:40 App is up to date.
2022-11-25 08:18:51 Loading main app package /usr/lib/obsidian/obsidian.asar
2022-11-25 08:18:51 Checking for update using Github
2022-11-25 08:18:51 Success.
2022-11-25 08:18:51 Latest version is 1.0.3
2022-11-25 08:18:51 App is up to date.
2022-11-25 09:18:52 Checking for update using Github
2022-11-25 09:18:52 Success.
2022-11-25 09:18:52 Latest version is 1.0.3
2022-11-25 09:18:52 App is up to date.
2022-11-25 10:18:52 Checking for update using Github
2022-11-25 10:18:52 Success.
2022-11-25 10:18:52 Latest version is 1.0.3
2022-11-25 10:18:52 App is up to date.
2022-11-25 14:42:08 Loading main app package /usr/lib/obsidian/obsidian.asar
2022-11-25 14:42:08 Checking for update using Github
2022-11-25 14:42:09 Success.
2022-11-25 14:42:09 Latest version is 1.0.3
2022-11-25 14:42:09 App is up to date.
2022-12-16 12:37:51 Loading main app package /usr/lib/obsidian/obsidian.asar
2022-12-16 12:37:52 Checking for update using Github
2022-12-16 12:37:54 Success.
2022-12-16 12:37:54 Latest version is 1.0.3
2022-12-16 12:37:54 App is up to date.
2022-12-16 12:40:37 Loading main app package /usr/lib/obsidian/obsidian.asar
2022-12-16 12:40:37 Checking for update using Github
2022-12-16 12:40:37 Success.
2022-12-16 12:40:37 Latest version is 1.0.3
2022-12-16 12:40:37 App is up to date.
2022-12-16 12:50:49 Loading main app package /usr/lib/obsidian/obsidian.asar
2022-12-16 12:50:50 Checking for update using Github
2022-12-16 12:50:51 Success.
2022-12-16 12:50:51 Latest version is 1.0.3
2022-12-16 12:50:51 App is up to date.
2022-12-23 09:50:00 Loading main app package /usr/lib/obsidian/obsidian.asar
2022-12-23 09:50:01 Checking for update using Github
2022-12-23 09:50:01 Success.
2022-12-23 09:50:01 Latest version is 1.1.8
2022-12-23 09:50:01 App is up to date.
2022-12-23 17:39:01 Loading main app package /usr/lib/obsidian/obsidian.asar
2022-12-23 17:39:01 Checking for update using Github
2022-12-23 17:39:02 Success.
2022-12-23 17:39:02 Latest version is 1.1.9
2022-12-23 17:39:02 Downloading update from https://github.com/obsidianmd/obsidian-releases/releases/download/v1.1.9/obsidian-1.1.9.asar.gz
2022-12-23 17:39:08 Verifying hash & signature. Size= 5753685
2022-12-23 17:39:08 Saving file
2022-12-23 17:39:08 Update complete.
2022-12-23 17:40:31 Loading updated app package /home/nate/.config/obsidian/obsidian-1.1.9.asar
2022-12-23 17:40:31 Checking for update using Github
2022-12-23 17:40:31 Success.
2022-12-23 17:40:31 Latest version is 1.1.9
2022-12-23 17:40:31 App is up to date.
2022-12-23 17:59:18 Loading updated app package /home/nate/.config/obsidian/obsidian-1.1.9.asar
2022-12-23 17:59:18 Checking for update using Github
2022-12-23 17:59:19 Success.
2022-12-23 17:59:19 Latest version is 1.1.9
2022-12-23 17:59:19 App is up to date.
2022-12-23 19:20:05 Loading updated app package /home/nate/.config/obsidian/obsidian-1.1.9.asar
2022-12-23 19:20:05 Checking for update using Github
2022-12-23 19:20:05 Success.
2022-12-23 19:20:05 Latest version is 1.1.9
2022-12-23 19:20:05 App is up to date.
2022-12-23 19:39:02 Loading updated app package /home/nate/.config/obsidian/obsidian-1.1.9.asar
2022-12-23 19:39:02 Checking for update using Github
2022-12-23 19:39:03 Success.
2022-12-23 19:39:03 Latest version is 1.1.9
2022-12-23 19:39:03 App is up to date.
2022-12-28 22:07:48 Loading main app package /usr/lib/obsidian/obsidian.asar
2022-12-28 22:07:48 Checking for update using Github
2022-12-28 22:07:49 Success.
2022-12-28 22:07:49 Latest version is 1.1.9
2022-12-28 22:07:49 App is up to date.
2023-02-08 07:25:58 Loading main app package /usr/lib/obsidian/obsidian.asar
2023-02-08 07:25:58 Checking for update using Github
2023-02-08 07:25:59 Success.
2023-02-08 07:25:59 Latest version is 1.1.9
2023-02-08 07:25:59 App is up to date.
2023-02-08 07:28:43 Loading main app package /usr/lib/obsidian/obsidian.asar
2023-02-08 07:28:43 Checking for update using Github
2023-02-08 07:28:43 Success.
2023-02-08 07:28:43 Latest version is 1.1.9
2023-02-08 07:28:43 App is up to date.
2023-02-08 07:33:51 Loading main app package /usr/lib/obsidian/obsidian.asar
2023-02-08 07:33:51 Checking for update using Github
2023-02-08 13:09:39 Loading main app package /usr/lib/obsidian/obsidian.asar
2023-02-08 13:09:39 Checking for update using Github
2023-02-08 13:09:39 Success.
2023-02-08 13:09:39 Latest version is 1.1.9
2023-02-08 13:09:39 App is up to date.
2023-02-11 19:45:14 Loading main app package /usr/lib/obsidian/obsidian.asar
2023-02-11 19:45:15 Checking for update using Github
2023-02-11 19:45:15 Success.
2023-02-11 19:45:15 Latest version is 1.1.9
2023-02-11 19:45:15 App is up to date.
2023-02-12 06:52:54 Loading main app package /usr/lib/obsidian/obsidian.asar
2023-02-12 06:52:55 Checking for update using Github
2023-02-12 06:52:55 Failed to check for update using Github (net::ERR_NAME_NOT_RESOLVED)
2023-02-12 06:52:55 Checking for update using obsidian.md
2023-02-12 06:52:55 Failed to check for update using obsidian.md (net::ERR_NAME_NOT_RESOLVED)
2023-02-12 09:27:22 Loading main app package /usr/lib/obsidian/obsidian.asar
2023-02-12 09:27:23 Checking for update using Github
2023-02-12 09:27:23 Success.
2023-02-12 09:27:23 Latest version is 1.1.9
2023-02-12 09:27:23 App is up to date.
2023-02-12 09:31:08 Loading main app package /usr/lib/obsidian/obsidian.asar
2023-02-12 09:31:08 Checking for update using Github
2023-02-12 09:31:09 Success.
2023-02-12 09:31:09 Latest version is 1.1.9
2023-02-12 09:31:09 App is up to date.
2023-02-14 11:34:16 Loading main app package /usr/lib/obsidian/obsidian.asar
2023-02-14 11:34:16 Checking for update using Github
2023-02-14 11:34:16 Success.
2023-02-14 11:34:16 Latest version is 1.1.9
2023-02-14 11:34:16 App is up to date.
2023-02-15 07:21:28 Loading main app package /usr/lib/obsidian/obsidian.asar
2023-02-15 07:21:29 Checking for update using Github
2023-02-15 07:21:29 Success.
2023-02-15 07:21:29 Latest version is 1.1.9
2023-02-15 07:21:29 App is up to date.
2023-02-15 10:21:18 Checking for update using Github
2023-02-15 10:21:18 Success.
2023-02-15 10:21:18 Latest version is 1.1.9
2023-02-15 10:21:18 App is up to date.
2023-02-15 19:01:36 Loading main app package /usr/lib/obsidian/obsidian.asar
2023-02-15 19:01:36 Checking for update using Github
2023-02-15 19:01:37 Success.
2023-02-15 19:01:37 Latest version is 1.1.9
2023-02-15 19:01:37 App is up to date.
2023-02-15 20:01:36 Checking for update using Github
2023-02-15 20:01:36 Success.
2023-02-15 20:01:36 Latest version is 1.1.9
2023-02-15 20:01:36 App is up to date.
2023-02-15 21:01:36 Checking for update using Github
2023-02-15 21:01:36 Success.
2023-02-15 21:01:36 Latest version is 1.1.9
2023-02-15 21:01:36 App is up to date.
2023-02-15 22:01:36 Checking for update using Github
2023-02-15 22:01:36 Success.
2023-02-15 22:01:36 Latest version is 1.1.9
2023-02-15 22:01:36 App is up to date.
2023-02-16 11:30:11 Loading main app package /usr/lib/obsidian/obsidian.asar
2023-02-16 11:30:11 Checking for update using Github
2023-02-16 11:30:12 Success.
2023-02-16 11:30:12 Latest version is 1.1.9
2023-02-16 11:30:12 App is up to date.
2023-02-16 11:51:55 Loading main app package /usr/lib/obsidian/obsidian.asar
2023-02-16 11:51:55 Checking for update using Github
2023-02-16 11:51:56 Success.
2023-02-16 11:51:56 Latest version is 1.1.9
2023-02-16 11:51:56 App is up to date.
2023-02-16 13:40:14 Checking for update using Github
2023-02-16 13:40:14 Success.
2023-02-16 13:40:14 Latest version is 1.1.9
2023-02-16 13:40:14 App is up to date.
2023-02-16 22:40:33 Loading main app package /usr/lib/obsidian/obsidian.asar
2023-02-16 22:40:34 Checking for update using Github
2023-02-16 22:40:34 Success.
2023-02-16 22:40:34 Latest version is 1.1.9
2023-02-16 22:40:34 App is up to date.
2023-02-17 10:56:51 Loading main app package /usr/lib/obsidian/obsidian.asar
2023-02-17 10:56:52 Checking for update using Github
2023-02-17 10:56:52 Success.
2023-02-17 10:56:52 Latest version is 1.1.9
2023-02-17 10:56:52 App is up to date.
2023-02-17 11:00:05 Loading main app package /usr/lib/obsidian/obsidian.asar
2023-02-17 11:00:05 Checking for update using Github
2023-02-17 11:00:05 Success.
2023-02-17 11:00:05 Latest version is 1.1.9
2023-02-17 11:00:05 App is up to date.
2023-02-17 12:00:05 Checking for update using Github
2023-02-17 12:00:06 Success.
2023-02-17 12:00:06 Latest version is 1.1.9
2023-02-17 12:00:06 App is up to date.
2023-02-17 13:00:05 Checking for update using Github
2023-02-17 13:00:05 Success.
2023-02-17 13:00:05 Latest version is 1.1.9
2023-02-17 13:00:05 App is up to date.
2023-02-18 21:14:14 Loading main app package /usr/lib/obsidian/obsidian.asar
2023-02-18 21:14:14 Checking for update using Github
2023-02-18 21:14:14 Success.
2023-02-18 21:14:14 Latest version is 1.1.9
2023-02-18 21:14:14 App is up to date.
2023-02-19 14:06:00 Loading main app package /usr/lib/obsidian/obsidian.asar
2023-02-19 14:06:01 Checking for update using Github
2023-02-19 14:06:01 Success.
2023-02-19 14:06:01 Latest version is 1.1.9
2023-02-19 14:06:01 App is up to date.
2023-02-19 15:06:00 Checking for update using Github
2023-02-19 15:06:00 Success.
2023-02-19 15:06:00 Latest version is 1.1.9
2023-02-19 15:06:00 App is up to date.
2023-02-19 16:06:00 Checking for update using Github
2023-02-19 16:06:01 Success.
2023-02-19 16:06:01 Latest version is 1.1.9
2023-02-19 16:06:01 App is up to date.
2023-02-19 17:07:26 Checking for update using Github
2023-02-19 17:07:26 Failed to check for update using Github (net::ERR_INTERNET_DISCONNECTED)
2023-02-19 17:07:26 Checking for update using obsidian.md
2023-02-19 17:07:26 Failed to check for update using obsidian.md (net::ERR_INTERNET_DISCONNECTED)
2023-02-22 12:49:42 Loading main app package /usr/lib/obsidian/obsidian.asar
2023-02-22 12:49:43 Checking for update using Github
2023-02-22 12:49:43 Success.
2023-02-22 12:49:43 Latest version is 1.1.9
2023-02-22 12:49:43 App is up to date.
